<?xml version="1.0" encoding="UTF-8"?>
<!-- Generated by org.testng.reporters.JUnitReportReporter -->
<testsuite skipped="0" hostname="LAPTOP-A5JK45CC" name="tsetng1.p2" tests="1" failures="0" timestamp="2023-08-01T20:49:23 IST" time="12.338" errors="0">
  <testcase name="actitimeLogin" time="12.338" classname="tsetng1.p2"/>
  <system-out/>
</testsuite> <!-- tsetng1.p2 -->
