<?xml version="1.0" encoding="UTF-8"?>
<!-- Generated by org.testng.reporters.JUnitReportReporter -->
<testsuite skipped="0" hostname="LAPTOP-A5JK45CC" name="testNG_programs.P19" tests="3" failures="0" timestamp="2023-08-03T09:21:43 IST" time="0.004" errors="0">
  <testcase name="myntraScript" time="0.004" classname="testNG_programs.P19"/>
  <system-out/>
  <testcase name="fbloginscript" time="0.000" classname="testNG_programs.P19"/>
  <system-out/>
  <testcase name="actitimeloginscript" time="0.000" classname="testNG_programs.P19"/>
  <system-out/>
</testsuite> <!-- testNG_programs.P19 -->
