<?xml version="1.0" encoding="UTF-8"?>
<!-- Generated by org.testng.reporters.JUnitReportReporter -->
<testsuite skipped="0" hostname="LAPTOP-A5JK45CC" name="tsetng1.p4" tests="2" failures="0" timestamp="2023-08-01T20:58:22 IST" time="21.121" errors="0">
  <testcase name="fbLogin" time="5.674" classname="tsetng1.p4"/>
  <system-out/>
  <testcase name="actitimeLogin" time="15.447" classname="tsetng1.p4"/>
  <system-out/>
</testsuite> <!-- tsetng1.p4 -->
