<?xml version="1.0" encoding="UTF-8"?>
<!-- Generated by org.testng.reporters.JUnitReportReporter -->
<testsuite skipped="0" hostname="LAPTOP-A5JK45CC" name="testng1.p9" tests="3" failures="0" timestamp="2023-08-02T21:11:52 IST" time="38.174" errors="0">
  <testcase name="loginScript" time="10.999" classname="testng1.p9"/>
  <system-out/>
  <testcase name="loginScript" time="15.945" classname="testng1.p9"/>
  <system-out/>
  <testcase name="loginScript" time="11.230" classname="testng1.p9"/>
  <system-out/>
</testsuite> <!-- testng1.p9 -->
