<?xml version="1.0" encoding="UTF-8"?>
<!-- Generated by org.testng.reporters.JUnitReportReporter -->
<testsuite skipped="0" hostname="LAPTOP-A5JK45CC" name="tsetng1.p5" tests="1" failures="0" timestamp="2023-08-01T21:10:07 IST" time="19.759" errors="0">
  <testcase name="actitimeLogin" time="19.759" classname="tsetng1.p5"/>
  <system-out/>
</testsuite> <!-- tsetng1.p5 -->
