<?xml version="1.0" encoding="UTF-8"?>
<!-- Generated by org.testng.reporters.JUnitReportReporter -->
<testsuite skipped="0" hostname="LAPTOP-A5JK45CC" name="testNG_programs.P8" tests="1" failures="0" timestamp="2023-07-27T09:57:40 IST" time="2.397" errors="0">
  <testcase name="fbLoginScript" time="2.397" classname="testNG_programs.P8"/>
  <system-out/>
</testsuite> <!-- testNG_programs.P8 -->
