<?xml version="1.0" encoding="UTF-8"?>
<!-- Generated by org.testng.reporters.JUnitReportReporter -->
<testsuite skipped="0" hostname="LAPTOP-A5JK45CC" name="testng1.p14" tests="1" failures="0" timestamp="2023-08-03T21:31:15 IST" time="18.489" errors="0">
  <testcase name="Script" time="18.489" classname="testng1.p14"/>
  <system-out/>
</testsuite> <!-- testng1.p14 -->
