<?xml version="1.0" encoding="UTF-8"?>
<!-- Generated by org.testng.reporters.JUnitReportReporter -->
<testsuite skipped="0" hostname="LAPTOP-A5JK45CC" name="testNG_programs.P17" tests="3" failures="0" timestamp="2023-08-03T09:12:12 IST" time="0.013" errors="0">
  <testcase name="myntraScript" time="0.009" classname="testNG_programs.P17"/>
  <system-out/>
  <testcase name="fbloginscript" time="0.003" classname="testNG_programs.P17"/>
  <system-out/>
  <testcase name="actitimeloginscript" time="0.001" classname="testNG_programs.P17"/>
  <system-out/>
</testsuite> <!-- testNG_programs.P17 -->
