<?xml version="1.0" encoding="UTF-8"?>
<!-- Generated by org.testng.reporters.JUnitReportReporter -->
<testsuite skipped="0" hostname="LAPTOP-A5JK45CC" name="testNG_programs.P9" tests="1" failures="0" timestamp="2023-07-28T09:05:24 IST" time="0.012" errors="0">
  <testcase name="demoscript" time="0.012" classname="testNG_programs.P9"/>
  <system-out/>
</testsuite> <!-- testNG_programs.P9 -->
