<?xml version="1.0" encoding="UTF-8"?>
<!-- Generated by org.testng.reporters.JUnitReportReporter -->
<testsuite skipped="0" hostname="LAPTOP-A5JK45CC" name="testNG_programs.P6" tests="1" failures="0" timestamp="2023-11-03T18:48:53 IST" time="4.532" errors="0">
  <testcase name="fbLoginScript" time="4.532" classname="testNG_programs.P6"/>
  <system-out/>
</testsuite> <!-- testNG_programs.P6 -->
