<?xml version="1.0" encoding="UTF-8"?>
<!-- Generated by org.testng.reporters.JUnitReportReporter -->
<testsuite skipped="0" hostname="LAPTOP-A5JK45CC" name="testNG_programs.P4" tests="2" failures="0" timestamp="2023-07-27T09:06:15 IST" time="20.068" errors="0">
  <testcase name="fbLoginScript" time="8.523" classname="testNG_programs.P4"/>
  <system-out/>
  <testcase name="actiLoginScript" time="11.545" classname="testNG_programs.P4"/>
  <system-out/>
</testsuite> <!-- testNG_programs.P4 -->
