<?xml version="1.0" encoding="UTF-8"?>
<!-- Generated by org.testng.reporters.JUnitReportReporter -->
<testsuite skipped="0" hostname="LAPTOP-A5JK45CC" name="testNG_programs.P12" tests="3" failures="0" timestamp="2023-07-31T09:37:02 IST" time="55.537" errors="0">
  <testcase name="actiLoginScript" time="19.939" classname="testNG_programs.P12"/>
  <system-out/>
  <testcase name="actiLoginScript" time="17.664" classname="testNG_programs.P12"/>
  <system-out/>
  <testcase name="actiLoginScript" time="17.934" classname="testNG_programs.P12"/>
  <system-out/>
</testsuite> <!-- testNG_programs.P12 -->
