<?xml version="1.0" encoding="UTF-8"?>
<!-- Generated by org.testng.reporters.JUnitReportReporter -->
<testsuite skipped="0" hostname="LAPTOP-A5JK45CC" name="testNG_programs.P3" tests="2" failures="0" timestamp="2023-07-26T10:03:57 IST" time="19.366" errors="0">
  <testcase name="actiLoginScript" time="13.349" classname="testNG_programs.P3"/>
  <system-out/>
  <testcase name="fbLoginScript" time="6.017" classname="testNG_programs.P3"/>
  <system-out/>
</testsuite> <!-- testNG_programs.P3 -->
