<?xml version="1.0" encoding="UTF-8"?>
<!-- Generated by org.testng.reporters.JUnitReportReporter -->
<testsuite skipped="0" hostname="LAPTOP-A5JK45CC" name="testNG_programs.P22" tests="3" failures="0" timestamp="2023-08-03T10:13:27 IST" time="0.017" errors="0">
  <testcase name="Script4" time="0.000" classname="testNG_programs.P22"/>
  <system-out/>
  <testcase name="Script2" time="0.017" classname="testNG_programs.P22"/>
  <system-out/>
  <testcase name="Script5" time="0.000" classname="testNG_programs.P22"/>
  <system-out/>
</testsuite> <!-- testNG_programs.P22 -->
