<?xml version="1.0" encoding="UTF-8"?>
<!-- Generated by org.testng.reporters.JUnitReportReporter -->
<testsuite skipped="0" hostname="LAPTOP-A5JK45CC" name="testng1.p12" tests="3" failures="0" timestamp="2023-08-02T21:41:12 IST" time="34.214" errors="0">
  <testcase name="loginScript" time="10.551" classname="testng1.p12"/>
  <system-out/>
  <testcase name="loginScript" time="11.687" classname="testng1.p12"/>
  <system-out/>
  <testcase name="loginScript" time="11.976" classname="testng1.p12"/>
  <system-out/>
</testsuite> <!-- testng1.p12 -->
