<?xml version="1.0" encoding="UTF-8"?>
<!-- Generated by org.testng.reporters.JUnitReportReporter -->
<testsuite skipped="0" hostname="LAPTOP-A5JK45CC" name="testNG_programs.p2" tests="1" failures="0" timestamp="2023-07-26T09:53:28 IST" time="14.426" errors="0">
  <testcase name="actiLoginScript" time="14.426" classname="testNG_programs.p2"/>
  <system-out/>
</testsuite> <!-- testNG_programs.p2 -->
