<?xml version="1.0" encoding="UTF-8"?>
<!-- Generated by org.testng.reporters.JUnitReportReporter -->
<testsuite skipped="0" hostname="LAPTOP-A5JK45CC" name="tsetng1.p1" tests="1" failures="0" timestamp="2023-08-01T20:42:54 IST" time="0.007" errors="0">
  <testcase name="test" time="0.007" classname="tsetng1.p1"/>
  <system-out/>
</testsuite> <!-- tsetng1.p1 -->
