<?xml version="1.0" encoding="UTF-8"?>
<!-- Generated by org.testng.reporters.JUnitReportReporter -->
<testsuite skipped="0" hostname="LAPTOP-A5JK45CC" name="testNG_programs.P10" tests="3" failures="0" timestamp="2023-08-02T21:04:46 IST" time="39.467" errors="0">
  <testcase name="actiLoginScript" time="17.134" classname="testNG_programs.P10"/>
  <system-out/>
  <testcase name="actiLoginScript" time="11.356" classname="testNG_programs.P10"/>
  <system-out/>
  <testcase name="actiLoginScript" time="10.977" classname="testNG_programs.P10"/>
  <system-out/>
</testsuite> <!-- testNG_programs.P10 -->
