<?xml version="1.0" encoding="UTF-8"?>
<!-- Generated by org.testng.reporters.JUnitReportReporter -->
<testsuite skipped="0" hostname="LAPTOP-A5JK45CC" name="testNG_programs.P11" tests="4" failures="0" timestamp="2023-07-31T09:11:11 IST" time="0.014" errors="0">
  <testcase name="demoScript" time="0.008" classname="testNG_programs.P11"/>
  <system-out/>
  <testcase name="demoScript" time="0.002" classname="testNG_programs.P11"/>
  <system-out/>
  <testcase name="demoScript" time="0.002" classname="testNG_programs.P11"/>
  <system-out/>
  <testcase name="demoScript" time="0.002" classname="testNG_programs.P11"/>
  <system-out/>
</testsuite> <!-- testNG_programs.P11 -->
