<?xml version="1.0" encoding="UTF-8"?>
<!-- Generated by org.testng.reporters.JUnitReportReporter -->
<testsuite skipped="0" hostname="LAPTOP-A5JK45CC" name="testNG_programs.P13" tests="1" failures="0" timestamp="2023-07-31T10:14:44 IST" time="22.409" errors="0">
  <testcase name="addUserScript" time="22.409" classname="testNG_programs.P13"/>
  <system-out/>
</testsuite> <!-- testNG_programs.P13 -->
