<?xml version="1.0" encoding="UTF-8"?>
<!-- Generated by org.testng.reporters.JUnitReportReporter -->
<testsuite skipped="0" hostname="LAPTOP-A5JK45CC" name="testng1.p10" tests="5" failures="0" timestamp="2023-08-02T21:24:26 IST" time="0.031" errors="0">
  <testcase name="dataScript" time="0.021" classname="testng1.p10"/>
  <system-out/>
  <testcase name="dataScript" time="0.000" classname="testng1.p10"/>
  <system-out/>
  <testcase name="dataScript" time="0.002" classname="testng1.p10"/>
  <system-out/>
  <testcase name="dataScript" time="0.008" classname="testng1.p10"/>
  <system-out/>
  <testcase name="dataScript" time="0.000" classname="testng1.p10"/>
  <system-out/>
</testsuite> <!-- testng1.p10 -->
