<?xml version="1.0" encoding="UTF-8"?>
<!-- Generated by org.testng.reporters.JUnitReportReporter -->
<testsuite skipped="0" hostname="LAPTOP-A5JK45CC" name="testng1.p13" tests="1" failures="0" timestamp="2023-08-03T21:09:50 IST" time="37.482" errors="0">
  <testcase name="addUsers" time="37.482" classname="testng1.p13"/>
  <system-out/>
</testsuite> <!-- testng1.p13 -->
