<?xml version="1.0" encoding="UTF-8"?>
<!-- Generated by org.testng.reporters.JUnitReportReporter -->
<testsuite skipped="0" hostname="LAPTOP-A5JK45CC" name="tsetng1.p9" tests="1" failures="0" timestamp="2023-08-01T21:16:35 IST" time="0.011" errors="0">
  <testcase name="demoScript" time="0.011" classname="tsetng1.p9"/>
  <system-out/>
</testsuite> <!-- tsetng1.p9 -->
