<?xml version="1.0" encoding="UTF-8"?>
<!-- Generated by org.testng.reporters.JUnitReportReporter -->
<testsuite skipped="0" hostname="LAPTOP-A5JK45CC" name="tsetng1.p3" tests="2" failures="0" timestamp="2023-08-01T20:52:08 IST" time="14.931" errors="0">
  <testcase name="fbLogin" time="3.525" classname="tsetng1.p3"/>
  <system-out/>
  <testcase name="actitimeLogin" time="11.406" classname="tsetng1.p3"/>
  <system-out/>
</testsuite> <!-- tsetng1.p3 -->
