<?xml version="1.0" encoding="UTF-8"?>
<!-- Generated by org.testng.reporters.JUnitReportReporter -->
<testsuite skipped="0" hostname="LAPTOP-A5JK45CC" name="tsetng1.p6" tests="1" failures="0" timestamp="2023-08-01T21:10:07 IST" time="6.043" errors="0">
  <testcase name="fbLogin" time="6.043" classname="tsetng1.p6"/>
  <system-out/>
</testsuite> <!-- tsetng1.p6 -->
